Start executing Editing Type Filter...
End executing Editing Type Filter...
Start executing Editing Type Filter...
End executing Editing Type Filter...
Start performing Quality Control Filter...
End performing Quality Control Filter...
Start performing Quality Control Filter...
End performing Quality Control Filter...
Start performing Repeat Regions Filter...
Start finding sites in Alu Regions...
End finding sites in Alu Regions...
End performing Repeat Regions Filter...
Start performing Repeat Regions Filter...
Start finding sites in Alu Regions...
End finding sites in Alu Regions...
End performing Repeat Regions Filter...
Start performing Splice Junction Filter...
End performing Splice Junction Filter...
Start performing Splice Junction Filter...
End performing Splice Junction Filter...
Start performing Known SNP Filter...
End performing Known SNP Filter...
Start performing Known SNP Filter...
End performing Known SNP Filter...
Start performing DNA-RNA Filter...
End performing DNA-RNA Filter...
Start performing DNA-RNA Filter...
End performing DNA-RNA Filter...
Start performing Likelihood Rate Test Filter... 
End performing Likelihood Rate Test Filter... 
Start performing Likelihood Rate Test Filter... 
End performing Likelihood Rate Test Filter... 
Start parsing RNA VCF file...
End parsing RNA VCF file...
Start parsing RNA VCF file...
End parsing RNA VCF file...
